INFO: [VRFC 10-2263] Analyzing Verilog file "/home/blake/hardcaml_risc_v/alinx_vivado_project/project_1/project_1.sim/sim_1/synth/timing/xsim/i2c_config_time_synth.v" into library xil_defaultlib
INFO: [VRFC 10-311] analyzing module IOBUF_UNIQ_BASE_
INFO: [VRFC 10-311] analyzing module IOBUF_HD1
INFO: [VRFC 10-311] analyzing module branch
INFO: [VRFC 10-311] analyzing module clk_wiz_0
INFO: [VRFC 10-311] analyzing module clk_wiz_0_clk_wiz
INFO: [VRFC 10-311] analyzing module decode
INFO: [VRFC 10-311] analyzing module dma_memory_to_packet
INFO: [VRFC 10-311] analyzing module execute
INFO: [VRFC 10-311] analyzing module execute_pipeline
INFO: [VRFC 10-311] analyzing module fetch
INFO: [VRFC 10-311] analyzing module framebuffer_expander
INFO: [VRFC 10-311] analyzing module hardware_top
INFO: [VRFC 10-311] analyzing module hart
INFO: [VRFC 10-311] analyzing module i2c_config
INFO: [VRFC 10-311] analyzing module i2c_master_bit_ctrl
INFO: [VRFC 10-311] analyzing module i2c_master_byte_ctrl
INFO: [VRFC 10-311] analyzing module i2c_master_top
INFO: [VRFC 10-311] analyzing module load
INFO: [VRFC 10-311] analyzing module lut_hdmi
INFO: [VRFC 10-311] analyzing module memory_channel_arbitrator
INFO: [VRFC 10-311] analyzing module memory_channel_arbitrator_0
INFO: [VRFC 10-311] analyzing module memory_controller
INFO: [VRFC 10-311] analyzing module memory_controller_core
INFO: [VRFC 10-311] analyzing module op
INFO: [VRFC 10-311] analyzing module op_0
INFO: [VRFC 10-311] analyzing module packet_router
INFO: [VRFC 10-311] analyzing module packet_router_0
INFO: [VRFC 10-311] analyzing module packet_router_0__1
INFO: [VRFC 10-311] analyzing module packet_to_memory
INFO: [VRFC 10-311] analyzing module pulse
INFO: [VRFC 10-311] analyzing module serial_buffer
INFO: [VRFC 10-311] analyzing module serial_to_packet
INFO: [VRFC 10-311] analyzing module store
INFO: [VRFC 10-311] analyzing module system
INFO: [VRFC 10-311] analyzing module top
INFO: [VRFC 10-311] analyzing module uart_rx
INFO: [VRFC 10-311] analyzing module uart_tx
INFO: [VRFC 10-311] analyzing module video_out
INFO: [VRFC 10-311] analyzing module video_signal_generator
INFO: [VRFC 10-311] analyzing module write_back
INFO: [VRFC 10-311] analyzing module glbl
